2023-01-22 17:23:43,588 [INFO]  
========== start: fit model
2023-01-22 17:23:43,589 [WARNING]  Already bound, ignoring bind()
2023-01-22 17:24:09,850 [INFO]  Epoch[0] Batch [0-109]	Speed: 66.99 samples/sec	cross-entropy=5.342341	balance-accuracy=0.000000
2023-01-22 17:24:33,514 [INFO]  Epoch[0] Train-cross-entropy=23.414553
2023-01-22 17:24:33,515 [INFO]  Epoch[0] Train-balance-accuracy=0.000000
2023-01-22 17:24:33,516 [INFO]  Epoch[0] Time cost=49.924
2023-01-22 17:24:33,522 [INFO]  Saved checkpoint to "imputer_balance/model-0000.params"
2023-01-22 17:24:33,862 [INFO]  Epoch[0] Validation-cross-entropy=1.135213
2023-01-22 17:24:33,863 [INFO]  Epoch[0] Validation-balance-accuracy=0.000000
2023-01-22 17:24:57,301 [INFO]  Epoch[1] Batch [0-109]	Speed: 75.16 samples/sec	cross-entropy=5.195952	balance-accuracy=0.000000
2023-01-22 17:25:19,971 [INFO]  Epoch[1] Train-cross-entropy=23.372016
2023-01-22 17:25:19,972 [INFO]  Epoch[1] Train-balance-accuracy=0.000000
2023-01-22 17:25:19,973 [INFO]  Epoch[1] Time cost=46.109
2023-01-22 17:25:19,978 [INFO]  Saved checkpoint to "imputer_balance/model-0001.params"
2023-01-22 17:25:20,312 [INFO]  Epoch[1] Validation-cross-entropy=1.137025
2023-01-22 17:25:20,313 [INFO]  Epoch[1] Validation-balance-accuracy=0.000000
2023-01-22 17:25:43,590 [INFO]  Epoch[2] Batch [0-109]	Speed: 75.67 samples/sec	cross-entropy=5.100567	balance-accuracy=0.000000
2023-01-22 17:26:06,048 [INFO]  Epoch[2] Train-cross-entropy=23.305076
2023-01-22 17:26:06,049 [INFO]  Epoch[2] Train-balance-accuracy=0.000000
2023-01-22 17:26:06,051 [INFO]  Epoch[2] Time cost=45.736
2023-01-22 17:26:06,055 [INFO]  Saved checkpoint to "imputer_balance/model-0002.params"
2023-01-22 17:26:06,372 [INFO]  Epoch[2] Validation-cross-entropy=1.104329
2023-01-22 17:26:06,373 [INFO]  Epoch[2] Validation-balance-accuracy=0.000000
2023-01-22 17:26:29,621 [INFO]  Epoch[3] Batch [0-109]	Speed: 75.74 samples/sec	cross-entropy=5.035620	balance-accuracy=0.000000
2023-01-22 17:26:52,199 [INFO]  Epoch[3] Train-cross-entropy=23.152580
2023-01-22 17:26:52,201 [INFO]  Epoch[3] Train-balance-accuracy=0.000000
2023-01-22 17:26:52,201 [INFO]  Epoch[3] Time cost=45.827
2023-01-22 17:26:52,205 [INFO]  Saved checkpoint to "imputer_balance/model-0003.params"
2023-01-22 17:26:52,547 [INFO]  Epoch[3] Validation-cross-entropy=1.072280
2023-01-22 17:26:52,548 [INFO]  Epoch[3] Validation-balance-accuracy=0.000000
2023-01-22 17:27:15,807 [INFO]  Epoch[4] Batch [0-109]	Speed: 75.74 samples/sec	cross-entropy=4.978696	balance-accuracy=0.000000
2023-01-22 17:27:38,361 [INFO]  Epoch[4] Train-cross-entropy=23.047417
2023-01-22 17:27:38,362 [INFO]  Epoch[4] Train-balance-accuracy=0.000000
2023-01-22 17:27:38,363 [INFO]  Epoch[4] Time cost=45.814
2023-01-22 17:27:38,367 [INFO]  Saved checkpoint to "imputer_balance/model-0004.params"
2023-01-22 17:27:38,684 [INFO]  Epoch[4] Validation-cross-entropy=1.031205
2023-01-22 17:27:38,685 [INFO]  Epoch[4] Validation-balance-accuracy=0.000000
2023-01-22 17:27:38,687 [INFO]  
========== done (235.09931778907776 s) fit model
2023-01-22 17:58:01,689 [INFO]  
========== start: fit model
2023-01-22 17:58:01,689 [INFO]  
========== start: fit model
2023-01-22 17:58:01,692 [WARNING]  Already bound, ignoring bind()
2023-01-22 17:58:01,692 [WARNING]  Already bound, ignoring bind()
2023-01-22 17:58:31,609 [INFO]  Epoch[0] Batch [0-109]	Speed: 60.02 samples/sec	cross-entropy=22.303273	balance-accuracy=0.000000
2023-01-22 17:58:31,609 [INFO]  Epoch[0] Batch [0-109]	Speed: 60.02 samples/sec	cross-entropy=22.303273	balance-accuracy=0.000000
2023-01-22 17:58:55,189 [INFO]  Epoch[0] Train-cross-entropy=7.404602
2023-01-22 17:58:55,189 [INFO]  Epoch[0] Train-cross-entropy=7.404602
2023-01-22 17:58:55,190 [INFO]  Epoch[0] Train-balance-accuracy=0.000000
2023-01-22 17:58:55,190 [INFO]  Epoch[0] Train-balance-accuracy=0.000000
2023-01-22 17:58:55,191 [INFO]  Epoch[0] Time cost=53.494
2023-01-22 17:58:55,191 [INFO]  Epoch[0] Time cost=53.494
2023-01-22 17:58:55,196 [INFO]  Saved checkpoint to "imputer_balance/model-0000.params"
2023-01-22 17:58:55,196 [INFO]  Saved checkpoint to "imputer_balance/model-0000.params"
2023-01-22 17:58:55,621 [INFO]  Epoch[0] Validation-cross-entropy=1.344715
2023-01-22 17:58:55,621 [INFO]  Epoch[0] Validation-cross-entropy=1.344715
2023-01-22 17:58:55,623 [INFO]  Epoch[0] Validation-balance-accuracy=0.000000
2023-01-22 17:58:55,623 [INFO]  Epoch[0] Validation-balance-accuracy=0.000000
2023-01-22 17:59:19,698 [INFO]  Epoch[1] Batch [0-109]	Speed: 73.37 samples/sec	cross-entropy=21.853737	balance-accuracy=0.000000
2023-01-22 17:59:19,698 [INFO]  Epoch[1] Batch [0-109]	Speed: 73.37 samples/sec	cross-entropy=21.853737	balance-accuracy=0.000000
2023-01-22 17:59:46,430 [INFO]  Epoch[1] Train-cross-entropy=7.347341
2023-01-22 17:59:46,430 [INFO]  Epoch[1] Train-cross-entropy=7.347341
2023-01-22 17:59:46,453 [INFO]  Epoch[1] Train-balance-accuracy=0.000000
2023-01-22 17:59:46,453 [INFO]  Epoch[1] Train-balance-accuracy=0.000000
2023-01-22 17:59:46,455 [INFO]  Epoch[1] Time cost=50.831
2023-01-22 17:59:46,455 [INFO]  Epoch[1] Time cost=50.831
2023-01-22 17:59:46,458 [INFO]  Saved checkpoint to "imputer_balance/model-0001.params"
2023-01-22 17:59:46,458 [INFO]  Saved checkpoint to "imputer_balance/model-0001.params"
2023-01-22 17:59:46,951 [INFO]  Epoch[1] Validation-cross-entropy=1.206022
2023-01-22 17:59:46,951 [INFO]  Epoch[1] Validation-cross-entropy=1.206022
2023-01-22 17:59:46,953 [INFO]  Epoch[1] Validation-balance-accuracy=0.000000
2023-01-22 17:59:46,953 [INFO]  Epoch[1] Validation-balance-accuracy=0.000000
2023-01-22 18:00:14,321 [INFO]  Epoch[2] Batch [0-109]	Speed: 64.34 samples/sec	cross-entropy=21.631535	balance-accuracy=0.000000
2023-01-22 18:00:14,321 [INFO]  Epoch[2] Batch [0-109]	Speed: 64.34 samples/sec	cross-entropy=21.631535	balance-accuracy=0.000000
2023-01-22 18:00:39,198 [INFO]  Epoch[2] Train-cross-entropy=7.234219
2023-01-22 18:00:39,198 [INFO]  Epoch[2] Train-cross-entropy=7.234219
2023-01-22 18:00:39,200 [INFO]  Epoch[2] Train-balance-accuracy=0.000000
2023-01-22 18:00:39,200 [INFO]  Epoch[2] Train-balance-accuracy=0.000000
2023-01-22 18:00:39,201 [INFO]  Epoch[2] Time cost=52.247
2023-01-22 18:00:39,201 [INFO]  Epoch[2] Time cost=52.247
2023-01-22 18:00:39,206 [INFO]  Saved checkpoint to "imputer_balance/model-0002.params"
2023-01-22 18:00:39,206 [INFO]  Saved checkpoint to "imputer_balance/model-0002.params"
2023-01-22 18:00:39,578 [INFO]  Epoch[2] Validation-cross-entropy=1.182578
2023-01-22 18:00:39,578 [INFO]  Epoch[2] Validation-cross-entropy=1.182578
2023-01-22 18:00:39,579 [INFO]  Epoch[2] Validation-balance-accuracy=0.000000
2023-01-22 18:00:39,579 [INFO]  Epoch[2] Validation-balance-accuracy=0.000000
2023-01-22 18:01:05,397 [INFO]  Epoch[3] Batch [0-109]	Speed: 68.19 samples/sec	cross-entropy=21.544950	balance-accuracy=0.000000
2023-01-22 18:01:05,397 [INFO]  Epoch[3] Batch [0-109]	Speed: 68.19 samples/sec	cross-entropy=21.544950	balance-accuracy=0.000000
2023-01-22 18:01:31,562 [INFO]  Epoch[3] Train-cross-entropy=7.135038
2023-01-22 18:01:31,562 [INFO]  Epoch[3] Train-cross-entropy=7.135038
2023-01-22 18:01:31,571 [INFO]  Epoch[3] Train-balance-accuracy=0.000000
2023-01-22 18:01:31,571 [INFO]  Epoch[3] Train-balance-accuracy=0.000000
2023-01-22 18:01:31,572 [INFO]  Epoch[3] Time cost=51.992
2023-01-22 18:01:31,572 [INFO]  Epoch[3] Time cost=51.992
2023-01-22 18:01:31,577 [INFO]  Saved checkpoint to "imputer_balance/model-0003.params"
2023-01-22 18:01:31,577 [INFO]  Saved checkpoint to "imputer_balance/model-0003.params"
2023-01-22 18:01:31,937 [INFO]  Epoch[3] Validation-cross-entropy=1.172074
2023-01-22 18:01:31,937 [INFO]  Epoch[3] Validation-cross-entropy=1.172074
2023-01-22 18:01:31,938 [INFO]  Epoch[3] Validation-balance-accuracy=0.000000
2023-01-22 18:01:31,938 [INFO]  Epoch[3] Validation-balance-accuracy=0.000000
2023-01-22 18:01:56,490 [INFO]  Epoch[4] Batch [0-109]	Speed: 71.71 samples/sec	cross-entropy=21.414239	balance-accuracy=0.000000
2023-01-22 18:01:56,490 [INFO]  Epoch[4] Batch [0-109]	Speed: 71.71 samples/sec	cross-entropy=21.414239	balance-accuracy=0.000000
2023-01-22 18:02:19,970 [INFO]  Epoch[4] Train-cross-entropy=7.064667
2023-01-22 18:02:19,970 [INFO]  Epoch[4] Train-cross-entropy=7.064667
2023-01-22 18:02:19,987 [INFO]  Epoch[4] Train-balance-accuracy=0.000000
2023-01-22 18:02:19,987 [INFO]  Epoch[4] Train-balance-accuracy=0.000000
2023-01-22 18:02:19,989 [INFO]  Epoch[4] Time cost=48.050
2023-01-22 18:02:19,989 [INFO]  Epoch[4] Time cost=48.050
2023-01-22 18:02:19,994 [INFO]  Saved checkpoint to "imputer_balance/model-0004.params"
2023-01-22 18:02:19,994 [INFO]  Saved checkpoint to "imputer_balance/model-0004.params"
2023-01-22 18:02:20,347 [INFO]  Epoch[4] Validation-cross-entropy=1.184942
2023-01-22 18:02:20,347 [INFO]  Epoch[4] Validation-cross-entropy=1.184942
2023-01-22 18:02:20,348 [INFO]  Epoch[4] Validation-balance-accuracy=0.000000
2023-01-22 18:02:20,348 [INFO]  Epoch[4] Validation-balance-accuracy=0.000000
2023-01-22 18:02:20,349 [INFO]  
========== done (258.6604688167572 s) fit model
2023-01-22 18:02:20,349 [INFO]  
========== done (258.6604688167572 s) fit model
